build/app/intermediates/manifest_merge_blame_file/debug/manifest-merger-blame-debug-report.txt
1<?xml version="1.0" encoding="utf-8"?>
2<manifest xmlns:android="http://schemas.android.com/apk/res/android"
3    package="com.example.share_a_car"
4    android:versionCode="1"
5    android:versionName="1.0.0" >
6
7    <uses-sdk
8        android:minSdkVersion="16"
9        android:targetSdkVersion="29" />
10    <!--
11         Flutter needs it to communicate with the running application
12         to allow setting breakpoints, to provide hot reload, etc.
13    -->
14    <uses-permission android:name="android.permission.INTERNET" />
14-->src/debug/AndroidManifest.xml:6:5-66
14-->src/debug/AndroidManifest.xml:6:22-64
15    <uses-permission android:name="android.permission.ACCESS_FINE_LOCATION" />
15-->src/main/AndroidManifest.xml:3:5-79
15-->src/main/AndroidManifest.xml:3:22-76
16    <uses-permission android:name="android.permission.ACCESS_COARSE_LOCATION" /> <!-- Include required permissions for Google Maps API to run. -->
16-->src/main/AndroidManifest.xml:4:5-81
16-->src/main/AndroidManifest.xml:4:22-78
17    <uses-permission android:name="android.permission.ACCESS_NETWORK_STATE" />
17-->[com.google.android.gms:play-services-maps:17.0.0] AndroidManifest.xml:23:5-79
17-->[com.google.android.gms:play-services-maps:17.0.0] AndroidManifest.xml:23:22-76
18
19    <uses-feature
19-->[com.google.android.gms:play-services-maps:17.0.0] AndroidManifest.xml:26:5-28:35
20        android:glEsVersion="0x00020000"
20-->[com.google.android.gms:play-services-maps:17.0.0] AndroidManifest.xml:27:9-41
21        android:required="true" />
21-->[com.google.android.gms:play-services-maps:17.0.0] AndroidManifest.xml:28:9-32
22    <!--
23 io.flutter.app.FlutterApplication is an android.app.Application that
24         calls FlutterMain.startInitialization(this); in its onCreate method.
25         In most cases you can leave this as-is, but you if you want to provide
26         additional functionality it is fine to subclass or reimplement
27         FlutterApplication and put your custom class here.
28    -->
29    <application
29-->src/main/AndroidManifest.xml:10:5-53:19
30        android:name="io.flutter.app.FlutterApplication"
30-->src/main/AndroidManifest.xml:11:9-57
31        android:appComponentFactory="androidx.core.app.CoreComponentFactory"
31-->[androidx.core:core:1.2.0] AndroidManifest.xml:24:18-86
32        android:debuggable="true"
33        android:icon="@mipmap/ic_launcher"
33-->src/main/AndroidManifest.xml:13:9-43
34        android:label="Share a Car"
34-->src/main/AndroidManifest.xml:12:9-36
35        android:testOnly="true" >
36        <activity
36-->src/main/AndroidManifest.xml:15:9-43:20
37            android:name="com.example.share_a_car.MainActivity"
37-->src/main/AndroidManifest.xml:16:13-41
38            android:configChanges="orientation|keyboardHidden|keyboard|screenSize|smallestScreenSize|locale|layoutDirection|fontScale|screenLayout|density|uiMode"
38-->src/main/AndroidManifest.xml:19:13-163
39            android:hardwareAccelerated="true"
39-->src/main/AndroidManifest.xml:20:13-47
40            android:launchMode="singleTop"
40-->src/main/AndroidManifest.xml:17:13-43
41            android:theme="@style/LaunchTheme"
41-->src/main/AndroidManifest.xml:18:13-47
42            android:windowSoftInputMode="adjustResize" >
42-->src/main/AndroidManifest.xml:21:13-55
43
44            <!--
45                 Specifies an Android theme to apply to this Activity as soon as
46                 the Android process has started. This theme is visible to the user
47                 while the Flutter UI initializes. After that, this theme continues
48                 to determine the Window background behind the Flutter UI.
49            -->
50            <meta-data
50-->src/main/AndroidManifest.xml:26:13-29:17
51                android:name="io.flutter.embedding.android.NormalTheme"
51-->src/main/AndroidManifest.xml:27:15-70
52                android:resource="@style/NormalTheme" />
52-->src/main/AndroidManifest.xml:28:15-52
53            <!--
54                 Displays an Android View that continues showing the launch screen
55                 Drawable until Flutter paints its first frame, then this splash
56                 screen fades out. A splash screen is useful to avoid any visual
57                 gap between the end of Android's launch screen and the painting of
58                 Flutter's first frame.
59            -->
60            <meta-data
60-->src/main/AndroidManifest.xml:35:13-38:17
61                android:name="io.flutter.embedding.android.SplashScreenDrawable"
61-->src/main/AndroidManifest.xml:36:15-79
62                android:resource="@drawable/launch_background" />
62-->src/main/AndroidManifest.xml:37:15-61
63
64            <intent-filter>
64-->src/main/AndroidManifest.xml:39:13-42:29
65                <action android:name="android.intent.action.MAIN" />
65-->src/main/AndroidManifest.xml:40:17-68
65-->src/main/AndroidManifest.xml:40:25-66
66
67                <category android:name="android.intent.category.LAUNCHER" />
67-->src/main/AndroidManifest.xml:41:17-76
67-->src/main/AndroidManifest.xml:41:27-74
68            </intent-filter>
69        </activity>
70
71        <meta-data
71-->src/main/AndroidManifest.xml:45:9-46:73
72            android:name="com.google.android.geo.API_KEY"
72-->src/main/AndroidManifest.xml:45:20-65
73            android:value="AIzaSyCWJwyoXpSJN10rE1SKcW4g2zxD6Nmrb9U" />
73-->src/main/AndroidManifest.xml:46:16-71
74
75        <!--
76             Don't delete the meta-data below.
77             This is used by the Flutter tool to generate GeneratedPluginRegistrant.java
78        -->
79        <meta-data
79-->src/main/AndroidManifest.xml:50:9-52:33
80            android:name="flutterEmbedding"
80-->src/main/AndroidManifest.xml:51:13-44
81            android:value="2" />
81-->src/main/AndroidManifest.xml:52:13-30
82        <!-- Needs to be explicitly declared on P+ -->
83        <uses-library
83-->[com.google.android.gms:play-services-maps:17.0.0] AndroidManifest.xml:33:9-35:40
84            android:name="org.apache.http.legacy"
84-->[com.google.android.gms:play-services-maps:17.0.0] AndroidManifest.xml:34:13-50
85            android:required="false" />
85-->[com.google.android.gms:play-services-maps:17.0.0] AndroidManifest.xml:35:13-37
86
87        <activity
87-->[com.google.android.gms:play-services-base:17.2.1] AndroidManifest.xml:23:9-26:75
88            android:name="com.google.android.gms.common.api.GoogleApiActivity"
88-->[com.google.android.gms:play-services-base:17.2.1] AndroidManifest.xml:24:13-79
89            android:exported="false"
89-->[com.google.android.gms:play-services-base:17.2.1] AndroidManifest.xml:25:13-37
90            android:theme="@android:style/Theme.Translucent.NoTitleBar" />
90-->[com.google.android.gms:play-services-base:17.2.1] AndroidManifest.xml:26:13-72
91
92        <meta-data
92-->[com.google.android.gms:play-services-basement:17.2.1] AndroidManifest.xml:23:9-25:69
93            android:name="com.google.android.gms.version"
93-->[com.google.android.gms:play-services-basement:17.2.1] AndroidManifest.xml:24:13-58
94            android:value="@integer/google_play_services_version" />
94-->[com.google.android.gms:play-services-basement:17.2.1] AndroidManifest.xml:25:13-66
95    </application>
96
97</manifest>